0 verbose cli /data/data/com.termux/files/usr/bin/node /data/data/com.termux/files/usr/bin/npm
1 info using npm@10.9.3
2 info using node@v22.18.0
3 silly config load:file:/data/data/com.termux/files/usr/lib/node_modules/npm/npmrc
4 silly config load:file:/data/data/com.termux/files/home/.npmrc
5 silly config load:file:/data/data/com.termux/files/usr/etc/npmrc
6 verbose title npm uninstall metro metro-cache
7 verbose argv "uninstall" "metro" "metro-cache"
8 verbose logfile logs-max:10 dir:/data/data/com.termux/files/home/.npm/_logs/2025-08-20T18_19_50_348Z-
9 verbose logfile /data/data/com.termux/files/home/.npm/_logs/2025-08-20T18_19_50_348Z-debug-0.log
10 silly logfile start cleaning logs, removing 1 files
11 silly packumentCache heap:1098907648 maxSize:274726912 maxEntrySize:137363456
12 silly logfile done cleaning log files
13 silly idealTree buildDeps
14 silly reify mark retired [
14 silly reify   '/data/data/com.termux/files/home/node_modules/@babel/helper-environment-visitor'
14 silly reify ]
15 silly reify mark retired [
15 silly reify   '/data/data/com.termux/files/home/node_modules/@babel/plugin-proposal-async-generator-functions'
15 silly reify ]
16 silly reify mark retired [
16 silly reify   '/data/data/com.termux/files/home/node_modules/@babel/plugin-proposal-class-properties'
16 silly reify ]
17 silly reify mark retired [
17 silly reify   '/data/data/com.termux/files/home/node_modules/@babel/plugin-proposal-nullish-coalescing-operator'
17 silly reify ]
18 silly reify mark retired [
18 silly reify   '/data/data/com.termux/files/home/node_modules/@babel/plugin-proposal-object-rest-spread'
18 silly reify ]
19 silly reify mark retired [
19 silly reify   '/data/data/com.termux/files/home/node_modules/@babel/plugin-proposal-optional-catch-binding'
19 silly reify ]
20 silly reify mark retired [
20 silly reify   '/data/data/com.termux/files/home/node_modules/@babel/plugin-proposal-optional-chaining'
20 silly reify ]
21 silly reify mark retired [
21 silly reify   '/data/data/com.termux/files/home/node_modules/@babel/plugin-transform-block-scoped-functions'
21 silly reify ]
22 silly reify mark retired [
22 silly reify   '/data/data/com.termux/files/home/node_modules/@babel/plugin-transform-exponentiation-operator'
22 silly reify ]
23 silly reify mark retired [
23 silly reify   '/data/data/com.termux/files/home/node_modules/@babel/plugin-transform-member-expression-literals'
23 silly reify ]
24 silly reify mark retired [
24 silly reify   '/data/data/com.termux/files/home/node_modules/@babel/plugin-transform-object-super'
24 silly reify ]
25 silly reify mark retired [
25 silly reify   '/data/data/com.termux/files/home/node_modules/@babel/plugin-transform-property-literals'
25 silly reify ]
26 silly reify mark retired [
26 silly reify   '/data/data/com.termux/files/home/node_modules/@babel/plugin-transform-template-literals'
26 silly reify ]
27 silly reify mark retired [ '/data/data/com.termux/files/home/node_modules/absolute-path' ]
28 silly reify mark retired [
28 silly reify   '/data/data/com.termux/files/home/node_modules/babel-plugin-syntax-trailing-function-commas'
28 silly reify ]
29 silly reify mark retired [ '/data/data/com.termux/files/home/node_modules/babel-preset-fbjs' ]
30 silly reify mark retired [ '/data/data/com.termux/files/home/node_modules/core-util-is' ]
31 silly reify mark retired [ '/data/data/com.termux/files/home/node_modules/decamelize' ]
32 silly reify mark retired [ '/data/data/com.termux/files/home/node_modules/denodeify' ]
33 silly reify mark retired [
33 silly reify   '/data/data/com.termux/files/home/node_modules/image-size',
33 silly reify   '/data/data/com.termux/files/home/node_modules/.bin/image-size'
33 silly reify ]
34 silly reify mark retired [ '/data/data/com.termux/files/home/node_modules/isarray' ]
35 silly reify mark retired [ '/data/data/com.termux/files/home/node_modules/jest-serializer' ]
36 silly reify mark retired [ '/data/data/com.termux/files/home/node_modules/klaw' ]
37 silly reify mark retired [
37 silly reify   '/data/data/com.termux/files/home/node_modules/metro',
37 silly reify   '/data/data/com.termux/files/home/node_modules/.bin/metro'
37 silly reify ]
38 silly reify mark retired [
38 silly reify   '/data/data/com.termux/files/home/node_modules/metro-babel-transformer'
38 silly reify ]
39 silly reify mark retired [ '/data/data/com.termux/files/home/node_modules/metro-cache' ]
40 silly reify mark retired [ '/data/data/com.termux/files/home/node_modules/metro-cache-key' ]
41 silly reify mark retired [ '/data/data/com.termux/files/home/node_modules/metro-file-map' ]
42 silly reify mark retired [
42 silly reify   '/data/data/com.termux/files/home/node_modules/metro-hermes-compiler'
42 silly reify ]
43 silly reify mark retired [
43 silly reify   '/data/data/com.termux/files/home/node_modules/metro-inspector-proxy',
43 silly reify   '/data/data/com.termux/files/home/node_modules/.bin/metro-inspector-proxy'
43 silly reify ]
44 silly reify mark retired [ '/data/data/com.termux/files/home/node_modules/metro-minify-uglify' ]
45 silly reify mark retired [
45 silly reify   '/data/data/com.termux/files/home/node_modules/metro-react-native-babel-preset'
45 silly reify ]
46 silly reify mark retired [
46 silly reify   '/data/data/com.termux/files/home/node_modules/metro-transform-plugins'
46 silly reify ]
47 silly reify mark retired [
47 silly reify   '/data/data/com.termux/files/home/node_modules/metro-transform-worker'
47 silly reify ]
48 silly reify mark retired [ '/data/data/com.termux/files/home/node_modules/os-tmpdir' ]
49 silly reify mark retired [
49 silly reify   '/data/data/com.termux/files/home/node_modules/process-nextick-args'
49 silly reify ]
50 silly reify mark retired [ '/data/data/com.termux/files/home/node_modules/readable-stream' ]
51 silly reify mark retired [
51 silly reify   '/data/data/com.termux/files/home/node_modules/require-main-filename'
51 silly reify ]
52 silly reify mark retired [ '/data/data/com.termux/files/home/node_modules/set-blocking' ]
53 silly reify mark retired [ '/data/data/com.termux/files/home/node_modules/string_decoder' ]
54 silly reify mark retired [ '/data/data/com.termux/files/home/node_modules/temp' ]
55 silly reify mark retired [ '/data/data/com.termux/files/home/node_modules/through2' ]
56 silly reify mark retired [
56 silly reify   '/data/data/com.termux/files/home/node_modules/uglify-es',
56 silly reify   '/data/data/com.termux/files/home/node_modules/.bin/uglifyjs'
56 silly reify ]
57 silly reify mark retired [ '/data/data/com.termux/files/home/node_modules/util-deprecate' ]
58 silly reify mark retired [ '/data/data/com.termux/files/home/node_modules/which-module' ]
59 silly reify mark retired [ '/data/data/com.termux/files/home/node_modules/xtend' ]
60 silly reify moves {
60 silly reify   '/data/data/com.termux/files/home/node_modules/@babel/helper-environment-visitor': '/data/data/com.termux/files/home/node_modules/@babel/.helper-environment-visitor-apW71f4b',
60 silly reify   '/data/data/com.termux/files/home/node_modules/@babel/plugin-proposal-async-generator-functions': '/data/data/com.termux/files/home/node_modules/@babel/.plugin-proposal-async-generator-functions-q0L5lKVQ',
60 silly reify   '/data/data/com.termux/files/home/node_modules/@babel/plugin-proposal-class-properties': '/data/data/com.termux/files/home/node_modules/@babel/.plugin-proposal-class-properties-spfDUGRw',
60 silly reify   '/data/data/com.termux/files/home/node_modules/@babel/plugin-proposal-nullish-coalescing-operator': '/data/data/com.termux/files/home/node_modules/@babel/.plugin-proposal-nullish-coalescing-operator-F71Xpnpc',
60 silly reify   '/data/data/com.termux/files/home/node_modules/@babel/plugin-proposal-object-rest-spread': '/data/data/com.termux/files/home/node_modules/@babel/.plugin-proposal-object-rest-spread-0NnYieGI',
60 silly reify   '/data/data/com.termux/files/home/node_modules/@babel/plugin-proposal-optional-catch-binding': '/data/data/com.termux/files/home/node_modules/@babel/.plugin-proposal-optional-catch-binding-WJGmEwHc',
60 silly reify   '/data/data/com.termux/files/home/node_modules/@babel/plugin-proposal-optional-chaining': '/data/data/com.termux/files/home/node_modules/@babel/.plugin-proposal-optional-chaining-eTQ462wA',
60 silly reify   '/data/data/com.termux/files/home/node_modules/@babel/plugin-transform-block-scoped-functions': '/data/data/com.termux/files/home/node_modules/@babel/.plugin-transform-block-scoped-functions-pLOHwQrj',
60 silly reify   '/data/data/com.termux/files/home/node_modules/@babel/plugin-transform-exponentiation-operator': '/data/data/com.termux/files/home/node_modules/@babel/.plugin-transform-exponentiation-operator-f43FhMxu',
60 silly reify   '/data/data/com.termux/files/home/node_modules/@babel/plugin-transform-member-expression-literals': '/data/data/com.termux/files/home/node_modules/@babel/.plugin-transform-member-expression-literals-k61cWi0q',
60 silly reify   '/data/data/com.termux/files/home/node_modules/@babel/plugin-transform-object-super': '/data/data/com.termux/files/home/node_modules/@babel/.plugin-transform-object-super-1Ucg4pKX',
60 silly reify   '/data/data/com.termux/files/home/node_modules/@babel/plugin-transform-property-literals': '/data/data/com.termux/files/home/node_modules/@babel/.plugin-transform-property-literals-GJA1XXHW',
60 silly reify   '/data/data/com.termux/files/home/node_modules/@babel/plugin-transform-template-literals': '/data/data/com.termux/files/home/node_modules/@babel/.plugin-transform-template-literals-9CxyConP',
60 silly reify   '/data/data/com.termux/files/home/node_modules/absolute-path': '/data/data/com.termux/files/home/node_modules/.absolute-path-eJ5xFu0I',
60 silly reify   '/data/data/com.termux/files/home/node_modules/babel-plugin-syntax-trailing-function-commas': '/data/data/com.termux/files/home/node_modules/.babel-plugin-syntax-trailing-function-commas-D8tBdWrT',
60 silly reify   '/data/data/com.termux/files/home/node_modules/babel-preset-fbjs': '/data/data/com.termux/files/home/node_modules/.babel-preset-fbjs-JKtB7X2Q',
60 silly reify   '/data/data/com.termux/files/home/node_modules/core-util-is': '/data/data/com.termux/files/home/node_modules/.core-util-is-NYqnvQf7',
60 silly reify   '/data/data/com.termux/files/home/node_modules/decamelize': '/data/data/com.termux/files/home/node_modules/.decamelize-mTuu2Bxt',
60 silly reify   '/data/data/com.termux/files/home/node_modules/denodeify': '/data/data/com.termux/files/home/node_modules/.denodeify-hHIZZdpQ',
60 silly reify   '/data/data/com.termux/files/home/node_modules/image-size': '/data/data/com.termux/files/home/node_modules/.image-size-2FeMgqPo',
60 silly reify   '/data/data/com.termux/files/home/node_modules/.bin/image-size': '/data/data/com.termux/files/home/node_modules/.bin/.image-size-NrtYDZHC',
60 silly reify   '/data/data/com.termux/files/home/node_modules/isarray': '/data/data/com.termux/files/home/node_modules/.isarray-LBaDReer',
60 silly reify   '/data/data/com.termux/files/home/node_modules/jest-serializer': '/data/data/com.termux/files/home/node_modules/.jest-serializer-nINZOHv6',
60 silly reify   '/data/data/com.termux/files/home/node_modules/klaw': '/data/data/com.termux/files/home/node_modules/.klaw-6T0JJzrJ',
60 silly reify   '/data/data/com.termux/files/home/node_modules/metro': '/data/data/com.termux/files/home/node_modules/.metro-6059vl8W',
60 silly reify   '/data/data/com.termux/files/home/node_modules/.bin/metro': '/data/data/com.termux/files/home/node_modules/.bin/.metro-msOoEviA',
60 silly reify   '/data/data/com.termux/files/home/node_modules/metro-babel-transformer': '/data/data/com.termux/files/home/node_modules/.metro-babel-transformer-Z8v1HMUo',
60 silly reify   '/data/data/com.termux/files/home/node_modules/metro-cache': '/data/data/com.termux/files/home/node_modules/.metro-cache-asZIGc1z',
60 silly reify   '/data/data/com.termux/files/home/node_modules/metro-cache-key': '/data/data/com.termux/files/home/node_modules/.metro-cache-key-XuVujopv',
60 silly reify   '/data/data/com.termux/files/home/node_modules/metro-file-map': '/data/data/com.termux/files/home/node_modules/.metro-file-map-hYpEEmNV',
60 silly reify   '/data/data/com.termux/files/home/node_modules/metro-hermes-compiler': '/data/data/com.termux/files/home/node_modules/.metro-hermes-compiler-CYUAVgEy',
60 silly reify   '/data/data/com.termux/files/home/node_modules/metro-inspector-proxy': '/data/data/com.termux/files/home/node_modules/.metro-inspector-proxy-t0rFSGOQ',
60 silly reify   '/data/data/com.termux/files/home/node_modules/.bin/metro-inspector-proxy': '/data/data/com.termux/files/home/node_modules/.bin/.metro-inspector-proxy-sw1Hy2A0',
60 silly reify   '/data/data/com.termux/files/home/node_modules/metro-minify-uglify': '/data/data/com.termux/files/home/node_modules/.metro-minify-uglify-bxPrQVjF',
60 silly reify   '/data/data/com.termux/files/home/node_modules/metro-react-native-babel-preset': '/data/data/com.termux/files/home/node_modules/.metro-react-native-babel-preset-Bl8o7ndW',
60 silly reify   '/data/data/com.termux/files/home/node_modules/metro-transform-plugins': '/data/data/com.termux/files/home/node_modules/.metro-transform-plugins-XBrTvbat',
60 silly reify   '/data/data/com.termux/files/home/node_modules/metro-transform-worker': '/data/data/com.termux/files/home/node_modules/.metro-transform-worker-8bVi3mGK',
60 silly reify   '/data/data/com.termux/files/home/node_modules/os-tmpdir': '/data/data/com.termux/files/home/node_modules/.os-tmpdir-4fnex1qk',
60 silly reify   '/data/data/com.termux/files/home/node_modules/process-nextick-args': '/data/data/com.termux/files/home/node_modules/.process-nextick-args-inn7Ge8D',
60 silly reify   '/data/data/com.termux/files/home/node_modules/readable-stream': '/data/data/com.termux/files/home/node_modules/.readable-stream-X9MXXje1',
60 silly reify   '/data/data/com.termux/files/home/node_modules/require-main-filename': '/data/data/com.termux/files/home/node_modules/.require-main-filename-t3vhx3KU',
60 silly reify   '/data/data/com.termux/files/home/node_modules/set-blocking': '/data/data/com.termux/files/home/node_modules/.set-blocking-hwTdURTT',
60 silly reify   '/data/data/com.termux/files/home/node_modules/string_decoder': '/data/data/com.termux/files/home/node_modules/.string_decoder-ZF9Q6CPD',
60 silly reify   '/data/data/com.termux/files/home/node_modules/temp': '/data/data/com.termux/files/home/node_modules/.temp-Lk0A8itl',
60 silly reify   '/data/data/com.termux/files/home/node_modules/through2': '/data/data/com.termux/files/home/node_modules/.through2-YFz6zmWO',
60 silly reify   '/data/data/com.termux/files/home/node_modules/uglify-es': '/data/data/com.termux/files/home/node_modules/.uglify-es-RFE2cxRg',
60 silly reify   '/data/data/com.termux/files/home/node_modules/.bin/uglifyjs': '/data/data/com.termux/files/home/node_modules/.bin/.uglifyjs-fazvWG8s',
60 silly reify   '/data/data/com.termux/files/home/node_modules/util-deprecate': '/data/data/com.termux/files/home/node_modules/.util-deprecate-t8kXv5bl',
60 silly reify   '/data/data/com.termux/files/home/node_modules/which-module': '/data/data/com.termux/files/home/node_modules/.which-module-MbBvfqdp',
60 silly reify   '/data/data/com.termux/files/home/node_modules/xtend': '/data/data/com.termux/files/home/node_modules/.xtend-uLSlsQ0v'
60 silly reify }
61 silly audit bulk request {
61 silly audit   '@0no-co/graphql.web': [ '1.2.0' ],
61 silly audit   '@ampproject/remapping': [ '2.3.0' ],
61 silly audit   '@babel/code-frame': [ '7.10.4', '7.27.1', '7.23.5' ],
61 silly audit   '@babel/compat-data': [ '7.28.0' ],
61 silly audit   '@babel/core': [ '7.28.3' ],
61 silly audit   semver: [ '6.3.1', '7.7.2', '7.5.2', '7.5.4' ],
61 silly audit   '@babel/generator': [ '7.28.3' ],
61 silly audit   '@babel/helper-annotate-as-pure': [ '7.27.3' ],
61 silly audit   '@babel/helper-compilation-targets': [ '7.27.2' ],
61 silly audit   'lru-cache': [ '5.1.1', '6.0.0', '10.4.3' ],
61 silly audit   yallist: [ '3.1.1', '5.0.0', '4.0.0' ],
61 silly audit   '@babel/helper-create-class-features-plugin': [ '7.28.3' ],
61 silly audit   '@babel/helper-create-regexp-features-plugin': [ '7.27.1' ],
61 silly audit   '@babel/helper-define-polyfill-provider': [ '0.6.5' ],
61 silly audit   '@babel/helper-globals': [ '7.28.0' ],
61 silly audit   '@babel/helper-member-expression-to-functions': [ '7.27.1' ],
61 silly audit   '@babel/helper-module-imports': [ '7.27.1' ],
61 silly audit   '@babel/helper-module-transforms': [ '7.28.3' ],
61 silly audit   '@babel/helper-optimise-call-expression': [ '7.27.1' ],
61 silly audit   '@babel/helper-plugin-utils': [ '7.27.1' ],
61 silly audit   '@babel/helper-remap-async-to-generator': [ '7.27.1' ],
61 silly audit   '@babel/helper-replace-supers': [ '7.27.1' ],
61 silly audit   '@babel/helper-skip-transparent-expression-wrappers': [ '7.27.1' ],
61 silly audit   '@babel/helper-string-parser': [ '7.27.1' ],
61 silly audit   '@babel/helper-validator-identifier': [ '7.27.1' ],
61 silly audit   '@babel/helper-validator-option': [ '7.27.1' ],
61 silly audit   '@babel/helper-wrap-function': [ '7.28.3' ],
61 silly audit   '@babel/helpers': [ '7.28.3' ],
61 silly audit   '@babel/highlight': [ '7.25.9' ],
61 silly audit   'ansi-styles': [ '3.2.1', '6.2.1', '4.3.0', '5.2.0' ],
61 silly audit   chalk: [ '2.4.2', '4.1.2' ],
61 silly audit   'color-convert': [ '1.9.3', '2.0.1' ],
61 silly audit   'color-name': [ '1.1.3', '1.1.4' ],
61 silly audit   'escape-string-regexp': [ '1.0.5', '4.0.0', '2.0.0' ],
61 silly audit   'has-flag': [ '3.0.0', '4.0.0' ],
61 silly audit   'supports-color': [ '5.5.0', '7.2.0', '8.1.1' ],
61 silly audit   '@babel/parser': [ '7.28.3' ],
61 silly audit   '@babel/plugin-proposal-decorators': [ '7.28.0' ],
61 silly audit   '@babel/plugin-proposal-export-default-from': [ '7.27.1' ],
61 silly audit   '@babel/plugin-syntax-async-generators': [ '7.8.4' ],
61 silly audit   '@babel/plugin-syntax-bigint': [ '7.8.3' ],
61 silly audit   '@babel/plugin-syntax-class-properties': [ '7.12.13' ],
61 silly audit   '@babel/plugin-syntax-class-static-block': [ '7.14.5' ],
61 silly audit   '@babel/plugin-syntax-decorators': [ '7.27.1' ],
61 silly audit   '@babel/plugin-syntax-dynamic-import': [ '7.8.3' ],
61 silly audit   '@babel/plugin-syntax-export-default-from': [ '7.27.1' ],
61 silly audit   '@babel/plugin-syntax-flow': [ '7.27.1' ],
61 silly audit   '@babel/plugin-syntax-import-attributes': [ '7.27.1' ],
61 silly audit   '@babel/plugin-syntax-import-meta': [ '7.10.4' ],
61 silly audit   '@babel/plugin-syntax-json-strings': [ '7.8.3' ],
61 silly audit   '@babel/plugin-syntax-jsx': [ '7.27.1' ],
61 silly audit   '@babel/plugin-syntax-logical-assignment-operators': [ '7.10.4' ],
61 silly audit   '@babel/plugin-syntax-nullish-coalescing-operator': [ '7.8.3' ],
61 silly audit   '@babel/plugin-syntax-numeric-separator': [ '7.10.4' ],
61 silly audit   '@babel/plugin-syntax-object-rest-spread': [ '7.8.3' ],
61 silly audit   '@babel/plugin-syntax-optional-catch-binding': [ '7.8.3' ],
61 silly audit   '@babel/plugin-syntax-optional-chaining': [ '7.8.3' ],
61 silly audit   '@babel/plugin-syntax-private-property-in-object': [ '7.14.5' ],
61 silly audit   '@babel/plugin-syntax-top-level-await': [ '7.14.5' ],
61 silly audit   '@babel/plugin-syntax-typescript': [ '7.27.1' ],
61 silly audit   '@babel/plugin-transform-arrow-functions': [ '7.27.1' ],
61 silly audit   '@babel/plugin-transform-async-generator-functions': [ '7.28.0' ],
61 silly audit   '@babel/plugin-transform-async-to-generator': [ '7.27.1' ],
61 silly audit   '@babel/plugin-transform-block-scoping': [ '7.28.0' ],
61 silly audit   '@babel/plugin-transform-class-properties': [ '7.27.1' ],
61 silly audit   '@babel/plugin-transform-classes': [ '7.28.3' ],
61 silly audit   '@babel/plugin-transform-computed-properties': [ '7.27.1' ],
61 silly audit   '@babel/plugin-transform-destructuring': [ '7.28.0' ],
61 silly audit   '@babel/plugin-transform-export-namespace-from': [ '7.27.1' ],
61 silly audit   '@babel/plugin-transform-flow-strip-types': [ '7.27.1' ],
61 silly audit   '@babel/plugin-transform-for-of': [ '7.27.1' ],
61 silly audit   '@babel/plugin-transform-function-name': [ '7.27.1' ],
61 silly audit   '@babel/plugin-transform-literals': [ '7.27.1' ],
61 silly audit   '@babel/plugin-transform-logical-assignment-operators': [ '7.27.1' ],
61 silly audit   '@babel/plugin-transform-modules-commonjs': [ '7.27.1' ],
61 silly audit   '@babel/plugin-transform-named-capturing-groups-regex': [ '7.27.1' ],
61 silly audit   '@babel/plugin-transform-nullish-coalescing-operator': [ '7.27.1' ],
61 silly audit   '@babel/plugin-transform-numeric-separator': [ '7.27.1' ],
61 silly audit   '@babel/plugin-transform-object-rest-spread': [ '7.28.0' ],
61 silly audit   '@babel/plugin-transform-optional-catch-binding': [ '7.27.1' ],
61 silly audit   '@babel/plugin-transform-optional-chaining': [ '7.27.1' ],
61 silly audit   '@babel/plugin-transform-parameters': [ '7.27.7' ],
61 silly audit   '@babel/plugin-transform-private-methods': [ '7.27.1' ],
61 silly audit   '@babel/plugin-transform-private-property-in-object': [ '7.27.1' ],
61 silly audit   '@babel/plugin-transform-react-display-name': [ '7.28.0' ],
61 silly audit   '@babel/plugin-transform-react-jsx': [ '7.27.1' ],
61 silly audit   '@babel/plugin-transform-react-jsx-development': [ '7.27.1' ],
61 silly audit   '@babel/plugin-transform-react-jsx-self': [ '7.27.1' ],
61 silly audit   '@babel/plugin-transform-react-jsx-source': [ '7.27.1' ],
61 silly audit   '@babel/plugin-transform-react-pure-annotations': [ '7.27.1' ],
61 silly audit   '@babel/plugin-transform-regenerator': [ '7.28.3' ],
61 silly audit   '@babel/plugin-transform-runtime': [ '7.28.3' ],
61 silly audit   '@babel/plugin-transform-shorthand-properties': [ '7.27.1' ],
61 silly audit   '@babel/plugin-transform-spread': [ '7.27.1' ],
61 silly audit   '@babel/plugin-transform-sticky-regex': [ '7.27.1' ],
61 silly audit   '@babel/plugin-transform-typescript': [ '7.28.0' ],
61 silly audit   '@babel/plugin-transform-unicode-regex': [ '7.27.1' ],
61 silly audit   '@babel/preset-react': [ '7.27.1' ],
61 silly audit   '@babel/preset-typescript': [ '7.27.1' ],
61 silly audit   '@babel/runtime': [ '7.28.3' ],
61 silly audit   '@babel/template': [ '7.27.2' ],
61 silly audit   '@babel/traverse': [ '7.28.3' ],
61 silly audit   '@babel/types': [ '7.28.2' ],
61 silly audit   '@cspotcode/source-map-support': [ '0.8.1' ],
61 silly audit   '@jridgewell/trace-mapping': [ '0.3.9', '0.3.30' ],
61 silly audit   '@expo/apple-utils': [ '2.1.12' ],
61 silly audit   '@expo/bunyan': [ '4.0.1' ],
61 silly audit   uuid: [ '8.3.2', '9.0.1', '7.0.3' ],
61 silly audit   '@expo/cli': [ '0.24.20' ],
61 silly audit   '@expo/config': [ '11.0.13', '10.0.6' ],
61 silly audit   '@expo/config-plugins': [ '10.1.2', '9.0.12' ],
61 silly audit   '@expo/config-types': [ '53.0.5', '52.0.5' ],
61 silly audit   '@expo/image-utils': [ '0.7.6', '0.6.5' ],
61 silly audit   '@expo/json-file': [ '9.1.5', '9.0.2', '8.3.3' ],
61 silly audit   '@expo/osascript': [ '2.2.5', '2.1.4' ],
61 silly audit   '@expo/package-manager': [ '1.8.6', '1.7.0' ],
61 silly audit   '@expo/plist': [ '0.3.5', '0.2.0' ],
61 silly audit   '@expo/prebuild-config': [ '9.0.11', '8.0.17' ],
61 silly audit   '@react-native/normalize-colors': [ '0.79.5', '0.76.2', '0.81.0' ],
61 silly audit   '@urql/core': [ '5.2.0', '4.0.11' ],
61 silly audit   '@urql/exchange-retry': [ '1.3.2', '1.2.0' ],
61 silly audit   '@xmldom/xmldom': [ '0.8.11', '0.7.13' ],
61 silly audit   'ansi-regex': [ '4.1.1', '6.2.0', '5.0.1' ],
61 silly audit   chownr: [ '3.0.0', '2.0.0' ],
61 silly audit   'cli-cursor': [ '2.1.0', '3.1.0' ],
61 silly audit   getenv: [ '2.0.0', '1.0.0' ],
61 silly audit   'log-symbols': [ '2.2.0', '4.1.0' ],
61 silly audit   'mimic-fn': [ '1.2.0', '2.1.0' ],
61 silly audit   minimatch: [ '9.0.5', '3.1.2', '5.1.2' ],
61 silly audit   mkdirp: [ '3.0.1', '1.0.4', '0.5.6' ],
61 silly audit   onetime: [ '2.0.1', '5.1.2' ],
61 silly audit   ora: [ '3.4.0', '5.1.0' ],
61 silly audit   picomatch: [ '3.0.1', '2.3.1' ],
61 silly audit   'qrcode-terminal': [ '0.11.0', '0.12.0' ],
61 silly audit   'restore-cursor': [ '2.0.0', '3.1.0' ],
61 silly audit   'signal-exit': [ '3.0.7', '4.1.0' ],
61 silly audit   'strip-ansi': [ '5.2.0', '7.1.0', '6.0.1' ],
61 silly audit   tar: [ '7.4.3', '6.2.1' ],
61 silly audit   xmlbuilder: [ '15.1.1', '11.0.1', '14.0.0' ],
61 silly audit   '@expo/code-signing-certificates': [ '0.0.5' ],
61 silly audit   '@expo/devcert': [ '1.2.0' ],
61 silly audit   debug: [ '3.2.7', '2.6.9', '4.4.1' ],
61 silly audit   '@expo/eas-build-job': [ '1.0.173' ],
61 silly audit   joi: [ '17.13.3', '17.11.0' ],
61 silly audit   '@expo/eas-json': [ '16.13.2' ],
61 silly audit   tslib: [ '2.4.1', '2.6.2' ],
61 silly audit   '@expo/env': [ '1.0.7' ],
61 silly audit   dotenv: [ '16.4.7', '16.3.1', '16.6.1' ],
61 silly audit   '@expo/fingerprint': [ '0.13.4' ],
61 silly audit   ignore: [ '5.3.2', '5.3.0' ],
61 silly audit   'fs-extra': [ '9.0.0', '10.1.0', '9.1.0', '11.2.0' ],
61 silly audit   universalify: [ '1.0.0', '2.0.1' ],
61 silly audit   '@expo/logger': [ '1.0.117' ],
61 silly audit   '@expo/metro-config': [ '0.20.17' ],
61 silly audit   '@expo/multipart-body-parser': [ '2.0.0' ],
61 silly audit   '@expo/pkcs12': [ '0.1.3' ],
61 silly audit   '@expo/plugin-help': [ '5.1.23' ],
61 silly audit   '@oclif/core': [ '2.16.0', '1.26.2' ],
61 silly audit   '@expo/plugin-warn-if-update-available': [ '2.5.1' ],
61 silly audit   '@expo/results': [ '1.0.0' ],
61 silly audit   '@expo/rudder-sdk-node': [ '1.1.1' ],
61 silly audit   '@expo/sdk-runtime-versions': [ '1.0.0' ],
61 silly audit   '@expo/spawn-async': [ '1.7.2' ],
61 silly audit   '@expo/steps': [ '1.0.173' ],
61 silly audit   '@expo/sudo-prompt': [ '9.3.2' ],
61 silly audit   '@expo/timeago.js': [ '1.0.0' ],
61 silly audit   '@expo/vector-icons': [ '14.1.0' ],
61 silly audit   '@expo/ws-tunnel': [ '1.0.6' ],
61 silly audit   '@expo/xcpretty': [ '4.3.2' ],
61 silly audit   argparse: [ '2.0.1', '1.0.10' ],
61 silly audit   'js-yaml': [ '4.1.0', '3.14.1' ],
61 silly audit   '@hapi/hoek': [ '9.3.0' ],
61 silly audit   '@hapi/topo': [ '5.1.0' ],
61 silly audit   '@isaacs/cliui': [ '8.0.2' ],
61 silly audit   'emoji-regex': [ '9.2.2', '8.0.0' ],
61 silly audit   'string-width': [ '5.1.2', '4.2.3' ],
61 silly audit   'wrap-ansi': [ '8.1.0', '7.0.0' ],
61 silly audit   '@isaacs/fs-minipass': [ '4.0.1' ],
61 silly audit   '@isaacs/ttlcache': [ '1.4.1' ],
61 silly audit   '@istanbuljs/load-nyc-config': [ '1.1.0' ],
61 silly audit   'find-up': [ '4.1.0', '5.0.0' ],
61 silly audit   'locate-path': [ '5.0.0', '6.0.0' ],
61 silly audit   'p-limit': [ '2.3.0', '3.1.0' ],
61 silly audit   'p-locate': [ '4.1.0', '5.0.0' ],
61 silly audit   '@istanbuljs/schema': [ '0.1.3' ],
61 silly audit   '@jest/create-cache-key-function': [ '29.7.0' ],
61 silly audit   '@jest/environment': [ '29.7.0' ],
61 silly audit   '@jest/fake-timers': [ '29.7.0' ],
61 silly audit   '@jest/schemas': [ '29.6.3' ],
61 silly audit   '@jest/transform': [ '29.7.0' ],
61 silly audit   'write-file-atomic': [ '4.0.2', '2.4.3' ],
61 silly audit   '@jest/types': [ '29.6.3' ],
61 silly audit   '@jridgewell/gen-mapping': [ '0.3.13' ],
61 silly audit   '@jridgewell/resolve-uri': [ '3.1.2' ],
61 silly audit   '@jridgewell/source-map': [ '0.3.11' ],
61 silly audit   '@jridgewell/sourcemap-codec': [ '1.5.5' ],
61 silly audit   '@nodelib/fs.scandir': [ '2.1.5' ],
61 silly audit   '@nodelib/fs.stat': [ '2.0.5' ],
61 silly audit   '@nodelib/fs.walk': [ '1.2.8' ],
61 silly audit   '@oclif/linewrap': [ '1.0.0' ],
61 silly audit   '@oclif/plugin-autocomplete': [ '2.3.10' ],
61 silly audit   '@oclif/screen': [ '3.0.8' ],
61 silly audit   '@pkgjs/parseargs': [ '0.11.0' ],
61 silly audit   '@react-native/assets-registry': [ '0.81.0' ],
61 silly audit   '@react-native/babel-plugin-codegen': [ '0.79.5', '0.81.0' ],
61 silly audit   '@react-native/babel-preset': [ '0.79.5', '0.81.0' ],
61 silly audit   '@react-native/codegen': [ '0.79.5', '0.81.0' ],
61 silly audit   'brace-expansion': [ '1.1.12', '2.0.2' ],
61 silly audit   glob: [ '7.2.3', '10.4.5', '6.0.4' ],
61 silly audit   '@react-native/community-cli-plugin': [ '0.81.0' ],
61 silly audit   '@react-native/debugger-frontend': [ '0.81.0', '0.79.5' ],
61 silly audit   '@react-native/dev-middleware': [ '0.81.0', '0.79.5' ],
61 silly audit   'agent-base': [ '7.1.4', '6.0.2' ],
61 silly audit   'ci-info': [ '2.0.0', '3.9.0' ],
61 silly audit   'hermes-estree': [ '0.29.1', '0.25.1' ],
61 silly audit   'hermes-parser': [ '0.29.1', '0.25.1' ],
61 silly audit   'https-proxy-agent': [ '7.0.6', '5.0.1' ],
61 silly audit   'image-size': [ '1.2.1' ],
61 silly audit   metro: [ '0.83.1' ],
61 silly audit   'metro-babel-transformer': [ '0.83.1' ],
61 silly audit   'metro-cache': [ '0.83.1' ],
61 silly audit   'metro-cache-key': [ '0.83.1' ],
61 silly audit   'metro-file-map': [ '0.83.1' ],
61 silly audit   'metro-minify-terser': [ '0.83.1' ],
61 silly audit   'metro-transform-plugins': [ '0.83.1' ],
61 silly audit   'metro-transform-worker': [ '0.83.1' ],
61 silly audit   ws: [ '7.5.10', '6.2.3', '8.18.3' ],
61 silly audit   open: [ '7.4.2', '8.4.2' ],
61 silly audit   ms: [ '2.0.0', '2.1.3' ],
61 silly audit   '@react-native/gradle-plugin': [ '0.81.0' ],
61 silly audit   '@react-native/js-polyfills': [ '0.81.0' ],
61 silly audit   '@react-native/metro-babel-transformer': [ '0.81.0' ],
61 silly audit   'babel-plugin-syntax-hermes-parser': [ '0.29.1', '0.25.1' ],
61 silly audit   '@react-native/metro-config': [ '0.81.0' ],
61 silly audit   '@react-native/virtualized-lists': [ '0.81.0' ],
61 silly audit   '@segment/ajv-human-errors': [ '2.15.0' ],
61 silly audit   '@segment/loosely-validate-event': [ '2.0.0' ],
61 silly audit   '@sideway/address': [ '4.1.5' ],
61 silly audit   '@sideway/formula': [ '3.0.1' ],
61 silly audit   '@sideway/pinpoint': [ '2.0.0' ],
61 silly audit   '@sinclair/typebox': [ '0.27.8' ],
61 silly audit   '@sinonjs/commons': [ '3.0.1' ],
61 silly audit   '@sinonjs/fake-timers': [ '10.3.0' ],
61 silly audit   '@tsconfig/node10': [ '1.0.11' ],
61 silly audit   '@tsconfig/node12': [ '1.0.11' ],
61 silly audit   '@tsconfig/node14': [ '1.0.3' ],
61 silly audit   '@tsconfig/node16': [ '1.0.4' ],
61 silly audit   '@types/babel__core': [ '7.20.5' ],
61 silly audit   '@types/babel__generator': [ '7.27.0' ],
61 silly audit   '@types/babel__template': [ '7.4.4' ],
61 silly audit   '@types/babel__traverse': [ '7.28.0' ],
61 silly audit   '@types/bunyan': [ '1.8.11' ],
61 silly audit   '@types/cli-progress': [ '3.11.6' ],
61 silly audit   '@types/graceful-fs': [ '4.1.9' ],
61 silly audit   '@types/istanbul-lib-coverage': [ '2.0.6' ],
61 silly audit   '@types/istanbul-lib-report': [ '3.0.3' ],
61 silly audit   '@types/istanbul-reports': [ '3.0.4' ],
61 silly audit   '@types/node': [ '24.3.0' ],
61 silly audit   '@types/stack-utils': [ '2.0.3' ],
61 silly audit   '@types/yargs': [ '17.0.33' ],
61 silly audit   '@types/yargs-parser': [ '21.0.3' ],
61 silly audit   'abort-controller': [ '3.0.0' ],
61 silly audit   accepts: [ '1.3.8' ],
61 silly audit   acorn: [ '8.15.0' ],
61 silly audit   'acorn-walk': [ '8.3.4' ],
61 silly audit   ajv: [ '8.11.0' ],
61 silly audit   'ajv-formats': [ '2.1.1' ],
61 silly audit   anser: [ '1.4.10' ],
61 silly audit   'ansi-escapes': [ '4.3.2' ],
61 silly audit   ansicolors: [ '0.3.2' ],
61 silly audit   'any-promise': [ '1.3.0' ],
61 silly audit   anymatch: [ '3.1.3' ],
61 silly audit   arg: [ '5.0.2', '4.1.3' ],
61 silly audit   'array-union': [ '2.1.0' ],
61 silly audit   asap: [ '2.0.6' ],
61 silly audit   asn1: [ '0.2.6' ],
61 silly audit   'astral-regex': [ '2.0.0' ],
61 silly audit   async: [ '3.2.6' ],
61 silly audit   'async-limiter': [ '1.0.1' ],
61 silly audit   asynckit: [ '0.4.0' ],
61 silly audit   'at-least-node': [ '1.0.0' ],
61 silly audit   b4a: [ '1.6.7' ],
61 silly audit   'babel-jest': [ '29.7.0' ],
61 silly audit   'babel-plugin-istanbul': [ '6.1.1' ],
61 silly audit   'babel-plugin-jest-hoist': [ '29.6.3' ],
61 silly audit   'babel-plugin-polyfill-corejs2': [ '0.4.14' ],
61 silly audit   'babel-plugin-polyfill-corejs3': [ '0.13.0' ],
61 silly audit   'babel-plugin-polyfill-regenerator': [ '0.6.5' ],
61 silly audit   'babel-plugin-react-native-web': [ '0.19.13' ],
61 silly audit   'babel-plugin-transform-flow-enums': [ '0.0.2' ],
61 silly audit   'babel-preset-current-node-syntax': [ '1.2.0' ],
61 silly audit   'babel-preset-expo': [ '13.2.3' ],
61 silly audit   'babel-preset-jest': [ '29.6.3' ],
61 silly audit   'balanced-match': [ '1.0.2' ],
61 silly audit   'bare-events': [ '2.6.1' ],
61 silly audit   'base64-js': [ '1.5.1' ],
61 silly audit   'better-opn': [ '3.0.2' ],
61 silly audit   'big-integer': [ '1.6.52' ],
61 silly audit   'bplist-creator': [ '0.1.0' ],
61 silly audit   'bplist-parser': [ '0.3.2', '0.3.1' ],
61 silly audit   braces: [ '3.0.3' ],
61 silly audit   browserslist: [ '4.25.3' ],
61 silly audit   bser: [ '2.1.1' ],
61 silly audit   buffer: [ '5.7.1' ],
61 silly audit   'buffer-equal-constant-time': [ '1.0.1' ],
61 silly audit   'buffer-from': [ '1.1.2' ],
61 silly audit   bunyan: [ '1.8.15' ],
61 silly audit   bytes: [ '3.1.2' ],
61 silly audit   'call-bind-apply-helpers': [ '1.0.2' ],
61 silly audit   'caller-callsite': [ '2.0.0' ],
61 silly audit   'caller-path': [ '2.0.0' ],
61 silly audit   callsites: [ '2.0.0' ],
61 silly audit   camelcase: [ '5.3.1', '6.3.0' ],
61 silly audit   'caniuse-lite': [ '1.0.30001735' ],
61 silly audit   cardinal: [ '2.1.1' ],
61 silly audit   charenc: [ '0.0.2' ],
61 silly audit   'chrome-launcher': [ '0.15.2' ],
61 silly audit   'chromium-edge-launcher': [ '0.2.0' ],
61 silly audit   rimraf: [ '3.0.2', '2.4.5', '5.0.10' ],
61 silly audit   'clean-stack': [ '3.0.1' ],
61 silly audit   'cli-progress': [ '3.12.0' ],
61 silly audit   'cli-spinners': [ '2.9.2' ],
61 silly audit   cliui: [ '8.0.1' ],
61 silly audit   clone: [ '1.0.4' ],
61 silly audit   'combined-stream': [ '1.0.8' ],
61 silly audit   commander: [ '4.1.1', '7.2.0', '12.1.0', '2.20.3' ],
61 silly audit   'component-type': [ '1.2.2' ],
61 silly audit   compressible: [ '2.0.18' ],
61 silly audit   compression: [ '1.8.1' ],
61 silly audit   negotiator: [ '0.6.4', '0.6.3' ],
61 silly audit   'concat-map': [ '0.0.1' ],
61 silly audit   connect: [ '3.7.0' ],
61 silly audit   'content-type': [ '1.0.5' ],
61 silly audit   'convert-source-map': [ '2.0.0' ],
61 silly audit   'core-js-compat': [ '3.45.0' ],
61 silly audit   cosmiconfig: [ '5.2.1' ],
61 silly audit   'create-require': [ '1.1.1' ],
61 silly audit   'cross-spawn': [ '7.0.6' ],
61 silly audit   crypt: [ '0.0.2' ],
61 silly audit   'crypto-random-string': [ '2.0.0' ],
61 silly audit   dateformat: [ '4.6.3' ],
61 silly audit   'deep-extend': [ '0.6.0' ],
61 silly audit   deepmerge: [ '4.3.1' ],
61 silly audit   defaults: [ '1.0.4' ],
61 silly audit   'define-lazy-prop': [ '2.0.0' ],
61 silly audit   'delayed-stream': [ '1.0.0' ],
61 silly audit   depd: [ '2.0.0' ],
61 silly audit   destroy: [ '1.2.0' ],
61 silly audit   'detect-libc': [ '1.0.3' ],
61 silly audit   diff: [ '7.0.0', '4.0.2' ],
61 silly audit   'dir-glob': [ '3.0.1' ],
61 silly audit   domino: [ '2.1.6' ],
61 silly audit   'dotenv-expand': [ '11.0.7' ],
61 silly audit   'dtrace-provider': [ '0.8.8' ],
61 silly audit   'dunder-proto': [ '1.0.1' ],
61 silly audit   'eas-cli': [ '16.17.4' ],
61 silly audit   eastasianwidth: [ '0.2.0' ],
61 silly audit   'ecdsa-sig-formatter': [ '1.0.11' ],
61 silly audit   'ee-first': [ '1.1.1' ],
61 silly audit   ejs: [ '3.1.10' ],
61 silly audit   'electron-to-chromium': [ '1.5.207' ],
61 silly audit   encodeurl: [ '1.0.2', '2.0.0' ],
61 silly audit   'env-editor': [ '0.4.2' ],
61 silly audit   'env-paths': [ '2.2.0' ],
61 silly audit   'env-string': [ '1.0.1' ],
61 silly audit   envinfo: [ '7.11.0' ],
61 silly audit   'err-code': [ '2.0.3' ],
61 silly audit   'error-ex': [ '1.3.2' ],
61 silly audit   'error-stack-parser': [ '2.1.4' ],
61 silly audit   'es-define-property': [ '1.0.1' ],
61 silly audit   'es-errors': [ '1.3.0' ],
61 silly audit   'es-object-atoms': [ '1.1.1' ],
61 silly audit   'es-set-tostringtag': [ '2.1.0' ],
61 silly audit   escalade: [ '3.2.0' ],
61 silly audit   'escape-html': [ '1.0.3' ],
61 silly audit   esprima: [ '4.0.1' ],
61 silly audit   etag: [ '1.8.1' ],
61 silly audit   'event-target-shim': [ '5.0.1' ],
61 silly audit   'exec-async': [ '2.2.0' ],
61 silly audit   expo: [ '53.0.20' ],
61 silly audit   'expo-asset': [ '11.1.7' ],
61 silly audit   'expo-constants': [ '17.1.7' ],
61 silly audit   'expo-file-system': [ '18.1.11' ],
61 silly audit   'expo-font': [ '13.3.2' ],
61 silly audit   'expo-keep-awake': [ '14.1.4' ],
61 silly audit   'expo-modules-autolinking': [ '2.1.14' ],
61 silly audit   'expo-modules-core': [ '2.5.0' ],
61 silly audit   'exponential-backoff': [ '3.1.2' ],
61 silly audit   'fast-deep-equal': [ '3.1.3' ],
61 silly audit   'fast-fifo': [ '1.3.2' ],
61 silly audit   'fast-glob': [ '3.3.2' ],
61 silly audit   'fast-json-stable-stringify': [ '2.1.0' ],
61 silly audit   fastq: [ '1.19.1' ],
61 silly audit   'fb-watchman': [ '2.0.2' ],
61 silly audit   'fetch-retry': [ '4.1.1' ],
61 silly audit   figures: [ '3.2.0' ],
61 silly audit   filelist: [ '1.0.4' ],
61 silly audit   'fill-range': [ '7.1.1' ],
61 silly audit   finalhandler: [ '1.1.2' ],
61 silly audit   'flow-enums-runtime': [ '0.0.6' ],
61 silly audit   fontfaceobserver: [ '2.3.0' ],
61 silly audit   'foreground-child': [ '3.3.1' ],
61 silly audit   'form-data': [ '4.0.4' ],
61 silly audit   'freeport-async': [ '2.0.0' ],
61 silly audit   fresh: [ '0.5.2' ],
61 silly audit   'fs-minipass': [ '2.1.0' ],
61 silly audit   minipass: [ '3.3.6', '7.1.2', '5.0.0' ],
61 silly audit   'fs.realpath': [ '1.0.0' ],
61 silly audit   fsevents: [ '2.3.3' ],
61 silly audit   'function-bind': [ '1.1.2' ],
61 silly audit   gensync: [ '1.0.0-beta.2' ],
61 silly audit   'get-caller-file': [ '2.0.5' ],
61 silly audit   'get-intrinsic': [ '1.3.0' ],
61 silly audit   'get-package-type': [ '0.1.0' ],
61 silly audit   'get-proto': [ '1.0.1' ],
61 silly audit   'glob-parent': [ '5.1.2' ],
61 silly audit   globby: [ '11.1.0' ],
61 silly audit   'golden-fleece': [ '1.0.9' ],
61 silly audit   gopd: [ '1.2.0' ],
61 silly audit   'graceful-fs': [ '4.2.11' ],
61 silly audit   'gradle-to-js': [ '2.0.1' ],
61 silly audit   graphql: [ '16.8.1' ],
61 silly audit   'graphql-tag': [ '2.12.6' ],
61 silly audit   'has-symbols': [ '1.1.0' ],
61 silly audit   'has-tostringtag': [ '1.0.2' ],
61 silly audit   hasown: [ '2.0.2' ],
61 silly audit   'hosted-git-info': [ '7.0.2' ],
61 silly audit   'http-call': [ '5.3.0' ],
61 silly audit   'http-errors': [ '2.0.0' ],
61 silly audit   statuses: [ '2.0.1', '1.5.0' ],
61 silly audit   hyperlinker: [ '1.0.0' ],
61 silly audit   ieee754: [ '1.2.1' ],
61 silly audit   'import-fresh': [ '2.0.0' ],
61 silly audit   'resolve-from': [ '3.0.0', '5.0.0' ],
61 silly audit   imurmurhash: [ '0.1.4' ],
61 silly audit   'indent-string': [ '4.0.0' ],
61 silly audit   inflight: [ '1.0.6' ],
61 silly audit   inherits: [ '2.0.4' ],
61 silly audit   ini: [ '1.3.8' ],
61 silly audit   invariant: [ '2.2.4' ],
61 silly audit   'is-arrayish': [ '0.2.1' ],
61 silly audit   'is-buffer': [ '1.1.6' ],
61 silly audit   'is-core-module': [ '2.16.1' ],
61 silly audit   'is-directory': [ '0.3.1' ],
61 silly audit   'is-docker': [ '2.2.1' ],
61 silly audit   'is-extglob': [ '2.1.1' ],
61 silly audit   'is-fullwidth-code-point': [ '3.0.0' ],
61 silly audit   'is-glob': [ '4.0.3' ],
61 silly audit   'is-interactive': [ '1.0.0' ],
61 silly audit   'is-number': [ '7.0.0' ],
61 silly audit   'is-retry-allowed': [ '1.2.0' ],
61 silly audit   'is-stream': [ '2.0.1' ],
61 silly audit   'is-unicode-supported': [ '0.1.0' ],
61 silly audit   'is-wsl': [ '2.2.0' ],
61 silly audit   isexe: [ '2.0.0' ],
61 silly audit   'istanbul-lib-coverage': [ '3.2.2' ],
61 silly audit   'istanbul-lib-instrument': [ '5.2.1' ],
61 silly audit   jackspeak: [ '3.4.3' ],
61 silly audit   jake: [ '10.9.4' ],
61 silly audit   'jest-environment-node': [ '29.7.0' ],
61 silly audit   'jest-get-type': [ '29.6.3' ],
61 silly audit   'jest-haste-map': [ '29.7.0' ],
61 silly audit   'jest-message-util': [ '29.7.0' ],
61 silly audit   'jest-mock': [ '29.7.0' ],
61 silly audit   'jest-regex-util': [ '29.6.3' ],
61 silly audit   'jest-util': [ '29.7.0' ],
61 silly audit   'jest-validate': [ '29.7.0' ],
61 silly audit   'jest-worker': [ '29.7.0' ],
61 silly audit   'jimp-compact': [ '0.16.1' ],
61 silly audit   'jks-js': [ '1.1.0' ],
61 silly audit   'join-component': [ '1.1.0' ],
61 silly audit   'js-tokens': [ '4.0.0' ],
61 silly audit   'jsc-safe-url': [ '0.2.4' ],
61 silly audit   jsep: [ '1.4.0' ],
61 silly audit   jsesc: [ '3.1.0', '3.0.2' ],
61 silly audit   'json-parse-better-errors': [ '1.0.2' ],
61 silly audit   'json-schema-traverse': [ '1.0.0' ],
61 silly audit   json5: [ '2.2.3' ],
61 silly audit   jsonfile: [ '6.2.0' ],
61 silly audit   jsonwebtoken: [ '9.0.0' ],
61 silly audit   jwa: [ '1.4.2' ],
61 silly audit   jws: [ '3.2.2' ],
61 silly audit   keychain: [ '1.5.0' ],
61 silly audit   kleur: [ '3.0.3' ],
61 silly audit   'lan-network': [ '0.1.7' ],
61 silly audit   leven: [ '3.1.0' ],
61 silly audit   'lighthouse-logger': [ '1.4.2' ],
61 silly audit   lightningcss: [ '1.27.0' ],
61 silly audit   'lightningcss-darwin-arm64': [ '1.27.0' ],
61 silly audit   'lightningcss-darwin-x64': [ '1.27.0' ],
61 silly audit   'lightningcss-freebsd-x64': [ '1.27.0' ],
61 silly audit   'lightningcss-linux-arm-gnueabihf': [ '1.27.0' ],
61 silly audit   'lightningcss-linux-arm64-gnu': [ '1.27.0' ],
61 silly audit   'lightningcss-linux-arm64-musl': [ '1.27.0' ],
61 silly audit   'lightningcss-linux-x64-gnu': [ '1.27.0' ],
61 silly audit   'lightningcss-linux-x64-musl': [ '1.27.0' ],
61 silly audit   'lightningcss-win32-arm64-msvc': [ '1.27.0' ],
61 silly audit   'lightningcss-win32-x64-msvc': [ '1.27.0' ],
61 silly audit   'lines-and-columns': [ '1.2.4' ],
61 silly audit   lodash: [ '4.17.21' ],
61 silly audit   'lodash.clonedeep': [ '4.5.0' ],
61 silly audit   'lodash.debounce': [ '4.0.8' ],
61 silly audit   'lodash.get': [ '4.4.2' ],
61 silly audit   'lodash.merge': [ '4.6.2' ],
61 silly audit   'lodash.throttle': [ '4.1.1' ],
61 silly audit   'loose-envify': [ '1.4.0' ],
61 silly audit   'make-error': [ '1.3.6' ],
61 silly audit   makeerror: [ '1.0.12' ],
61 silly audit   marky: [ '1.3.0' ],
61 silly audit   'math-intrinsics': [ '1.1.0' ],
61 silly audit   md5: [ '2.3.0' ],
61 silly audit   'memoize-one': [ '5.2.1' ],
61 silly audit   'merge-stream': [ '2.0.0' ],
61 silly audit   merge2: [ '1.4.1' ],
61 silly audit   'metro-source-map': [ '0.83.1' ],
61 silly audit   'metro-symbolicate': [ '0.83.1' ],
61 silly audit   ob1: [ '0.83.1' ],
61 silly audit   'metro-core': [ '0.83.1' ],
61 silly audit   'metro-resolver': [ '0.83.1' ],
61 silly audit   'metro-config': [ '0.83.1' ],
61 silly audit   y18n: [ '5.0.8' ],
61 silly audit   yargs: [ '17.7.2' ],
61 silly audit   'yargs-parser': [ '21.1.1' ],
61 silly audit   'react-refresh': [ '0.14.2' ],
61 silly audit   'metro-runtime': [ '0.83.1' ],
61 silly audit   'pretty-format': [ '29.7.0' ],
61 silly audit   'react-is': [ '18.3.1' ],
61 silly audit   micromatch: [ '4.0.8' ],
61 silly audit   mime: [ '3.0.0', '1.6.0' ],
61 silly audit   'mime-db': [ '1.52.0' ],
61 silly audit   'mime-types': [ '2.1.35' ],
61 silly audit   minimist: [ '1.2.8' ],
61 silly audit   minizlib: [ '3.0.1', '2.1.2' ],
61 silly audit   moment: [ '2.30.1' ],
61 silly audit   multipasta: [ '0.2.7' ],
61 silly audit   'mute-stream': [ '0.0.8' ],
61 silly audit   mv: [ '2.1.1' ],
61 silly audit   mz: [ '2.7.0' ],
61 silly audit   nan: [ '2.23.0' ],
61 silly audit   nanoid: [ '3.3.8' ],
61 silly audit   'natural-orderby': [ '2.0.3' ],
61 silly audit   ncp: [ '2.0.0' ],
61 silly audit   'nested-error-stacks': [ '2.0.1' ],
61 silly audit   'node-fetch': [ '2.6.7' ],
61 silly audit   'node-forge': [ '1.3.1' ],
61 silly audit   'node-int64': [ '0.4.0' ],
61 silly audit   'node-releases': [ '2.0.19' ],
61 silly audit   'node-rsa': [ '1.1.1' ],
61 silly audit   'node-stream-zip': [ '1.15.0' ],
61 silly audit   'normalize-path': [ '3.0.0' ],
61 silly audit   'npm-package-arg': [ '11.0.3' ],
61 silly audit   nullthrows: [ '1.1.1' ],
61 silly audit   'object-assign': [ '4.1.1' ],
61 silly audit   'object-treeify': [ '1.1.33' ],
61 silly audit   'on-finished': [ '2.3.0', '2.4.1' ],
61 silly audit   'on-headers': [ '1.1.0' ],
61 silly audit   once: [ '1.4.0' ],
61 silly audit   'p-try': [ '2.2.0' ],
61 silly audit   'package-json-from-dist': [ '1.0.1' ],
61 silly audit   'parse-json': [ '4.0.0' ],
61 silly audit   'parse-png': [ '2.1.0' ],
61 silly audit   pngjs: [ '3.4.0', '7.0.0' ],
61 silly audit   parseurl: [ '1.3.3' ],
61 silly audit   'password-prompt': [ '1.1.3' ],
61 silly audit   'path-exists': [ '4.0.0' ],
61 silly audit   'path-is-absolute': [ '1.0.1' ],
61 silly audit   'path-key': [ '3.1.1' ],
61 silly audit   'path-parse': [ '1.0.7' ],
61 silly audit   'path-scurry': [ '1.11.1' ],
61 silly audit   'path-type': [ '4.0.0' ],
61 silly audit   picocolors: [ '1.1.1' ],
61 silly audit   pirates: [ '4.0.7' ],
61 silly audit   'pkg-dir': [ '4.2.0' ],
61 silly audit   plist: [ '3.1.0' ],
61 silly audit   postcss: [ '8.4.49' ],
61 silly audit   'pretty-bytes': [ '5.6.0' ],
61 silly audit   'proc-log': [ '4.2.0' ],
61 silly audit   progress: [ '2.0.3' ],
61 silly audit   promise: [ '8.3.0' ],
61 silly audit   'promise-limit': [ '2.7.0' ],
61 silly audit   'promise-retry': [ '2.0.1' ],
61 silly audit   prompts: [ '2.4.2' ],
61 silly audit   punycode: [ '2.3.1' ],
61 silly audit   queue: [ '6.0.2' ],
61 silly audit   'queue-microtask': [ '1.2.3' ],
61 silly audit   'range-parser': [ '1.2.1' ],
61 silly audit   rc: [ '1.2.8' ],
61 silly audit   react: [ '19.1.1' ],
61 silly audit   'react-devtools-core': [ '6.1.5' ],
61 silly audit   'react-native': [ '0.81.0' ],
61 silly audit   'react-native-edge-to-edge': [ '1.6.0' ],
61 silly audit   'safe-buffer': [ '5.2.1' ],
61 silly audit   redeyed: [ '2.1.1' ],
61 silly audit   regenerate: [ '1.4.2' ],
61 silly audit   'regenerate-unicode-properties': [ '10.2.0' ],
61 silly audit   'regenerator-runtime': [ '0.13.11' ],
61 silly audit   'regexpu-core': [ '6.2.0' ],
61 silly audit   regjsgen: [ '0.8.0' ],
61 silly audit   regjsparser: [ '0.12.0' ],
61 silly audit   'remove-trailing-slash': [ '0.1.1' ],
61 silly audit   'require-directory': [ '2.1.1' ],
61 silly audit   'require-from-string': [ '2.0.2' ],
61 silly audit   requireg: [ '0.2.2' ],
61 silly audit   resolve: [ '1.7.1', '1.22.10' ],
61 silly audit   'resolve-workspace-root': [ '2.0.0' ],
61 silly audit   'resolve.exports': [ '2.0.3' ],
61 silly audit   retry: [ '0.12.0' ],
61 silly audit   reusify: [ '1.1.0' ],
61 silly audit   'run-parallel': [ '1.2.0' ],
61 silly audit   'safe-json-stringify': [ '1.2.0' ],
61 silly audit   'safer-buffer': [ '2.1.2' ],
61 silly audit   sax: [ '1.4.1' ],
61 silly audit   scheduler: [ '0.26.0' ],
61 silly audit   send: [ '0.19.1', '0.19.0' ],
61 silly audit   'serialize-error': [ '2.1.0' ],
61 silly audit   'serve-static': [ '1.16.2' ],
61 silly audit   'set-interval-async': [ '3.0.3' ],
61 silly audit   setprototypeof: [ '1.2.0' ],
61 silly audit   'shebang-command': [ '2.0.0' ],
61 silly audit   'shebang-regex': [ '3.0.0' ],
61 silly audit   'shell-quote': [ '1.8.3' ],
61 silly audit   'simple-plist': [ '1.3.1' ],
61 silly audit   sisteransi: [ '1.0.5' ],
61 silly audit   slash: [ '3.0.0' ],
61 silly audit   'slice-ansi': [ '4.0.0' ],
61 silly audit   slugify: [ '1.6.6' ],
61 silly audit   'source-map': [ '0.5.7', '0.6.1' ],
61 silly audit   'source-map-js': [ '1.2.1' ],
61 silly audit   'source-map-support': [ '0.5.21' ],
61 silly audit   split: [ '1.0.1' ],
61 silly audit   'sprintf-js': [ '1.0.3' ],
61 silly audit   'stack-utils': [ '2.0.6' ],
61 silly audit   stackframe: [ '1.3.4' ],
61 silly audit   'stacktrace-parser': [ '0.1.11' ],
61 silly audit   'type-fest': [ '0.7.1', '0.21.3' ],
61 silly audit   'stream-buffers': [ '2.2.0' ],
61 silly audit   streamx: [ '2.22.1' ],
61 silly audit   'strip-json-comments': [ '2.0.1' ],
61 silly audit   'structured-headers': [ '0.4.1' ],
61 silly audit   sucrase: [ '3.35.0' ],
61 silly audit   'sudo-prompt': [ '9.1.1' ],
61 silly audit   'supports-hyperlinks': [ '2.3.0' ],
61 silly audit   'supports-preserve-symlinks-flag': [ '1.0.0' ],
61 silly audit   'tar-stream': [ '3.1.7' ],
61 silly audit   'temp-dir': [ '2.0.0' ],
61 silly audit   'terminal-link': [ '2.1.1' ],
61 silly audit   terser: [ '5.43.1' ],
61 silly audit   'test-exclude': [ '6.0.0' ],
61 silly audit   'text-decoder': [ '1.2.3' ],
61 silly audit   thenify: [ '3.3.1' ],
61 silly audit   'thenify-all': [ '1.6.0' ],
61 silly audit   'this-file': [ '2.0.3' ],
61 silly audit   throat: [ '5.0.0' ],
61 silly audit   through: [ '2.3.8' ],
61 silly audit   tmpl: [ '1.0.5' ],
61 silly audit   'to-regex-range': [ '5.0.1' ],
61 silly audit   toidentifier: [ '1.0.1' ],
61 silly audit   tr46: [ '0.0.3' ],
61 silly audit   'ts-interface-checker': [ '0.1.13' ],
61 silly audit   'ts-node': [ '10.9.2' ],
61 silly audit   'tunnel-agent': [ '0.6.0' ],
61 silly audit   turndown: [ '7.1.2' ],
61 silly audit   'type-detect': [ '4.0.8' ],
61 silly audit   typescript: [ '5.9.2' ],
61 silly audit   undici: [ '6.21.3' ],
61 silly audit   'undici-types': [ '7.10.0' ],
61 silly audit   'unicode-canonical-property-names-ecmascript': [ '2.0.1' ],
61 silly audit   'unicode-match-property-ecmascript': [ '2.0.0' ],
61 silly audit   'unicode-match-property-value-ecmascript': [ '2.2.0' ],
61 silly audit   'unicode-property-aliases-ecmascript': [ '2.1.0' ],
61 silly audit   'unique-string': [ '2.0.0' ],
61 silly audit   unpipe: [ '1.0.0' ],
61 silly audit   untildify: [ '4.0.0' ],
61 silly audit   'update-browserslist-db': [ '1.1.3' ],
61 silly audit   'uri-js': [ '4.4.1' ],
61 silly audit   'utils-merge': [ '1.0.1' ],
61 silly audit   'v8-compile-cache-lib': [ '3.0.1' ],
61 silly audit   'validate-npm-package-name': [ '5.0.1' ],
61 silly audit   vary: [ '1.1.2' ],
61 silly audit   vlq: [ '1.0.1' ],
61 silly audit   walker: [ '1.0.8' ],
61 silly audit   wcwidth: [ '1.0.1' ],
61 silly audit   'webidl-conversions': [ '3.0.1', '5.0.0' ],
61 silly audit   'whatwg-fetch': [ '3.6.20' ],
61 silly audit   'whatwg-url': [ '5.0.0' ],
61 silly audit   'whatwg-url-without-unicode': [ '8.0.0-3' ],
61 silly audit   which: [ '2.0.2' ],
61 silly audit   'widest-line': [ '3.1.0' ],
61 silly audit   wonka: [ '6.3.5' ],
61 silly audit   wordwrap: [ '1.0.0' ],
61 silly audit   wrappy: [ '1.0.2' ],
61 silly audit   xcode: [ '3.0.1' ],
61 silly audit   xml2js: [ '0.6.0' ],
61 silly audit   yaml: [ '2.6.0' ],
61 silly audit   yn: [ '3.1.1' ],
61 silly audit   'yocto-queue': [ '0.1.0' ],
61 silly audit   zod: [ '3.25.76' ]
61 silly audit }
62 verbose reify failed optional dependency /data/data/com.termux/files/home/node_modules/lightningcss-win32-x64-msvc
63 silly reify mark deleted [
63 silly reify   '/data/data/com.termux/files/home/node_modules/lightningcss-win32-x64-msvc'
63 silly reify ]
64 verbose reify failed optional dependency /data/data/com.termux/files/home/node_modules/lightningcss-win32-arm64-msvc
65 silly reify mark deleted [
65 silly reify   '/data/data/com.termux/files/home/node_modules/lightningcss-win32-arm64-msvc'
65 silly reify ]
66 verbose reify failed optional dependency /data/data/com.termux/files/home/node_modules/lightningcss-linux-x64-musl
67 silly reify mark deleted [
67 silly reify   '/data/data/com.termux/files/home/node_modules/lightningcss-linux-x64-musl'
67 silly reify ]
68 verbose reify failed optional dependency /data/data/com.termux/files/home/node_modules/lightningcss-linux-x64-gnu
69 silly reify mark deleted [
69 silly reify   '/data/data/com.termux/files/home/node_modules/lightningcss-linux-x64-gnu'
69 silly reify ]
70 verbose reify failed optional dependency /data/data/com.termux/files/home/node_modules/lightningcss-linux-arm64-musl
71 silly reify mark deleted [
71 silly reify   '/data/data/com.termux/files/home/node_modules/lightningcss-linux-arm64-musl'
71 silly reify ]
72 verbose reify failed optional dependency /data/data/com.termux/files/home/node_modules/lightningcss-linux-arm64-gnu
73 silly reify mark deleted [
73 silly reify   '/data/data/com.termux/files/home/node_modules/lightningcss-linux-arm64-gnu'
73 silly reify ]
74 verbose reify failed optional dependency /data/data/com.termux/files/home/node_modules/lightningcss-linux-arm-gnueabihf
75 silly reify mark deleted [
75 silly reify   '/data/data/com.termux/files/home/node_modules/lightningcss-linux-arm-gnueabihf'
75 silly reify ]
76 verbose reify failed optional dependency /data/data/com.termux/files/home/node_modules/lightningcss-freebsd-x64
77 silly reify mark deleted [
77 silly reify   '/data/data/com.termux/files/home/node_modules/lightningcss-freebsd-x64'
77 silly reify ]
78 verbose reify failed optional dependency /data/data/com.termux/files/home/node_modules/lightningcss-darwin-x64
79 silly reify mark deleted [
79 silly reify   '/data/data/com.termux/files/home/node_modules/lightningcss-darwin-x64'
79 silly reify ]
80 verbose reify failed optional dependency /data/data/com.termux/files/home/node_modules/lightningcss-darwin-arm64
81 silly reify mark deleted [
81 silly reify   '/data/data/com.termux/files/home/node_modules/lightningcss-darwin-arm64'
81 silly reify ]
82 verbose reify failed optional dependency /data/data/com.termux/files/home/node_modules/fsevents
83 silly reify mark deleted [ '/data/data/com.termux/files/home/node_modules/fsevents' ]
84 http fetch POST 200 https://registry.npmjs.org/-/npm/v1/security/advisories/bulk 2081ms
85 silly audit report {}
86 silly ADD
87 silly ADD
88 silly ADD
89 silly ADD
90 silly ADD
91 silly ADD
92 silly ADD
93 silly ADD
94 silly ADD
95 silly ADD
96 silly ADD
97 silly REMOVE node_modules/xtend
98 silly REMOVE node_modules/which-module
99 silly REMOVE node_modules/util-deprecate
100 silly REMOVE node_modules/uglify-es
101 silly REMOVE node_modules/uglify-es/node_modules/source-map
102 silly REMOVE node_modules/uglify-es/node_modules/commander
103 silly REMOVE node_modules/through2
104 silly REMOVE node_modules/temp
105 silly REMOVE node_modules/temp/node_modules/rimraf
106 silly REMOVE node_modules/string_decoder
107 silly REMOVE node_modules/string_decoder/node_modules/safe-buffer
108 silly REMOVE node_modules/set-blocking
109 silly REMOVE node_modules/require-main-filename
110 silly REMOVE node_modules/readable-stream
111 silly REMOVE node_modules/readable-stream/node_modules/safe-buffer
112 silly REMOVE node_modules/process-nextick-args
113 silly REMOVE node_modules/os-tmpdir
114 silly REMOVE node_modules/metro-transform-worker
115 silly REMOVE node_modules/metro-transform-worker/node_modules/ob1
116 silly REMOVE node_modules/metro-transform-worker/node_modules/metro-symbolicate
117 silly REMOVE node_modules/metro-transform-worker/node_modules/metro-source-map
118 silly REMOVE node_modules/metro-transform-plugins
119 silly REMOVE node_modules/metro-react-native-babel-preset
120 silly REMOVE node_modules/metro-react-native-babel-preset/node_modules/react-refresh
121 silly REMOVE node_modules/metro-minify-uglify
122 silly REMOVE node_modules/metro-inspector-proxy
123 silly REMOVE node_modules/metro-inspector-proxy/node_modules/yargs-parser
124 silly REMOVE node_modules/metro-inspector-proxy/node_modules/yargs
125 silly REMOVE node_modules/metro-inspector-proxy/node_modules/y18n
126 silly REMOVE node_modules/metro-inspector-proxy/node_modules/ws
127 silly REMOVE node_modules/metro-inspector-proxy/node_modules/wrap-ansi
128 silly REMOVE node_modules/metro-inspector-proxy/node_modules/p-locate
129 silly REMOVE node_modules/metro-inspector-proxy/node_modules/p-limit
130 silly REMOVE node_modules/metro-inspector-proxy/node_modules/ms
131 silly REMOVE node_modules/metro-inspector-proxy/node_modules/locate-path
132 silly REMOVE node_modules/metro-inspector-proxy/node_modules/find-up
133 silly REMOVE node_modules/metro-inspector-proxy/node_modules/debug
134 silly REMOVE node_modules/metro-inspector-proxy/node_modules/cliui
135 silly REMOVE node_modules/metro-hermes-compiler
136 silly REMOVE node_modules/metro-file-map
137 silly REMOVE node_modules/metro-file-map/node_modules/ms
138 silly REMOVE node_modules/metro-file-map/node_modules/jest-worker
139 silly REMOVE node_modules/metro-file-map/node_modules/jest-util
140 silly REMOVE node_modules/metro-file-map/node_modules/jest-regex-util
141 silly REMOVE node_modules/metro-file-map/node_modules/debug
142 silly REMOVE node_modules/metro-file-map/node_modules/@types/yargs
143 silly REMOVE node_modules/metro-file-map/node_modules/@jest/types
144 silly REMOVE node_modules/metro-cache-key
145 silly REMOVE node_modules/metro-cache
146 silly REMOVE node_modules/metro-cache/node_modules/rimraf
147 silly REMOVE node_modules/metro-cache/node_modules/minimatch
148 silly REMOVE node_modules/metro-cache/node_modules/metro-resolver
149 silly REMOVE node_modules/metro-cache/node_modules/metro-core
150 silly REMOVE node_modules/metro-cache/node_modules/glob
151 silly REMOVE node_modules/metro-cache/node_modules/brace-expansion
152 silly REMOVE node_modules/metro-babel-transformer
153 silly REMOVE node_modules/metro-babel-transformer/node_modules/ob1
154 silly REMOVE node_modules/metro-babel-transformer/node_modules/metro-symbolicate
155 silly REMOVE node_modules/metro-babel-transformer/node_modules/metro-source-map
156 silly REMOVE node_modules/metro-babel-transformer/node_modules/hermes-parser
157 silly REMOVE node_modules/metro-babel-transformer/node_modules/hermes-estree
158 silly REMOVE node_modules/metro
159 silly REMOVE node_modules/metro/node_modules/yargs-parser
160 silly REMOVE node_modules/metro/node_modules/yargs-parser/node_modules/camelcase
161 silly REMOVE node_modules/metro/node_modules/yargs
162 silly REMOVE node_modules/metro/node_modules/y18n
163 silly REMOVE node_modules/metro/node_modules/ws
164 silly REMOVE node_modules/metro/node_modules/wrap-ansi
165 silly REMOVE node_modules/metro/node_modules/rimraf
166 silly REMOVE node_modules/metro/node_modules/react-refresh
167 silly REMOVE node_modules/metro/node_modules/react-is
168 silly REMOVE node_modules/metro/node_modules/pretty-format
169 silly REMOVE node_modules/metro/node_modules/p-locate
170 silly REMOVE node_modules/metro/node_modules/p-limit
171 silly REMOVE node_modules/metro/node_modules/ob1
172 silly REMOVE node_modules/metro/node_modules/ms
173 silly REMOVE node_modules/metro/node_modules/minimatch
174 silly REMOVE node_modules/metro/node_modules/metro-symbolicate
175 silly REMOVE node_modules/metro/node_modules/metro-source-map
176 silly REMOVE node_modules/metro/node_modules/metro-runtime
177 silly REMOVE node_modules/metro/node_modules/metro-resolver
178 silly REMOVE node_modules/metro/node_modules/metro-core
179 silly REMOVE node_modules/metro/node_modules/metro-config
180 silly REMOVE node_modules/metro/node_modules/locate-path
181 silly REMOVE node_modules/metro/node_modules/jsonfile
182 silly REMOVE node_modules/metro/node_modules/jest-worker
183 silly REMOVE node_modules/metro/node_modules/jest-validate
184 silly REMOVE node_modules/metro/node_modules/jest-get-type
185 silly REMOVE node_modules/metro/node_modules/hermes-parser
186 silly REMOVE node_modules/metro/node_modules/hermes-estree
187 silly REMOVE node_modules/metro/node_modules/glob
188 silly REMOVE node_modules/metro/node_modules/fs-extra
189 silly REMOVE node_modules/metro/node_modules/find-up
190 silly REMOVE node_modules/metro/node_modules/debug
191 silly REMOVE node_modules/metro/node_modules/cliui
192 silly REMOVE node_modules/metro/node_modules/ci-info
193 silly REMOVE node_modules/metro/node_modules/camelcase
194 silly REMOVE node_modules/metro/node_modules/brace-expansion
195 silly REMOVE node_modules/metro/node_modules/@types/yargs
196 silly REMOVE node_modules/metro/node_modules/@jest/types
197 silly REMOVE node_modules/klaw
198 silly REMOVE node_modules/jest-serializer
199 silly REMOVE node_modules/isarray
200 silly REMOVE node_modules/image-size
201 silly REMOVE node_modules/denodeify
202 silly REMOVE node_modules/decamelize
203 silly REMOVE node_modules/core-util-is
204 silly REMOVE node_modules/babel-preset-fbjs
205 silly REMOVE node_modules/babel-plugin-syntax-trailing-function-commas
206 silly REMOVE node_modules/absolute-path
207 silly REMOVE node_modules/@babel/plugin-transform-template-literals
208 silly REMOVE node_modules/@babel/plugin-transform-property-literals
209 silly REMOVE node_modules/@babel/plugin-transform-object-super
210 silly REMOVE node_modules/@babel/plugin-transform-member-expression-literals
211 silly REMOVE node_modules/@babel/plugin-transform-exponentiation-operator
212 silly REMOVE node_modules/@babel/plugin-transform-block-scoped-functions
213 silly REMOVE node_modules/@babel/plugin-proposal-optional-chaining
214 silly REMOVE node_modules/@babel/plugin-proposal-optional-catch-binding
215 silly REMOVE node_modules/@babel/plugin-proposal-object-rest-spread
216 silly REMOVE node_modules/@babel/plugin-proposal-nullish-coalescing-operator
217 silly REMOVE node_modules/@babel/plugin-proposal-class-properties
218 silly REMOVE node_modules/@babel/plugin-proposal-async-generator-functions
219 silly REMOVE node_modules/@babel/helper-environment-visitor
220 verbose cwd /data/data/com.termux/files/home
221 verbose os Linux 4.19.191-g1b408a08a417-dirty
222 verbose node v22.18.0
223 verbose npm  v10.9.3
224 verbose exit 0
225 info ok
