2025-08-19T21:11:19.608Z ApiV2Error: Your username, email, or password was incorrect.
2025-08-19T21:11:19.609Z     at ApiV2Client.handleApiErrorAsync (/data/data/com.termux/files/usr/lib/node_modules/eas-cli/build/api.js:60:23)
2025-08-19T21:11:19.609Z     at async ApiV2Client.requestAsync (/data/data/com.termux/files/usr/lib/node_modules/eas-cli/build/api.js:47:13)
2025-08-19T21:11:19.609Z     at async ApiV2Client.postAsync (/data/data/com.termux/files/usr/lib/node_modules/eas-cli/build/api.js:16:16)
2025-08-19T21:11:19.609Z     at async fetchSessionSecretAndUserAsync (/data/data/com.termux/files/usr/lib/node_modules/eas-cli/build/user/fetchSessionSecretAndUser.js:12:18)
2025-08-19T21:11:19.609Z     at async SessionManager.loginAsync (/data/data/com.termux/files/usr/lib/node_modules/eas-cli/build/user/SessionManager.js:154:49)
2025-08-19T21:11:19.609Z     at async SessionManager.showLoginPromptAsync (/data/data/com.termux/files/usr/lib/node_modules/eas-cli/build/user/SessionManager.js:130:13)
2025-08-19T21:11:19.609Z     at async SessionManager.ensureLoggedInAsync (/data/data/com.termux/files/usr/lib/node_modules/eas-cli/build/user/SessionManager.js:85:13)
2025-08-19T21:11:19.609Z     at async LoggedInContextField.getValueAsync (/data/data/com.termux/files/usr/lib/node_modules/eas-cli/build/commandUtils/context/LoggedInContextField.js:10:47)
2025-08-19T21:11:19.609Z     at async Build.getContextAsync (/data/data/com.termux/files/usr/lib/node_modules/eas-cli/build/commandUtils/EasCommand.js:139:17)
2025-08-20T07:23:31.104Z ApiV2Error: Your username, email, or password was incorrect.
2025-08-20T07:23:31.104Z     at ApiV2Client.handleApiErrorAsync (/data/data/com.termux/files/usr/lib/node_modules/eas-cli/build/api.js:60:23)
2025-08-20T07:23:31.104Z     at async ApiV2Client.requestAsync (/data/data/com.termux/files/usr/lib/node_modules/eas-cli/build/api.js:47:13)
2025-08-20T07:23:31.104Z     at async ApiV2Client.postAsync (/data/data/com.termux/files/usr/lib/node_modules/eas-cli/build/api.js:16:16)
2025-08-20T07:23:31.104Z     at async fetchSessionSecretAndUserAsync (/data/data/com.termux/files/usr/lib/node_modules/eas-cli/build/user/fetchSessionSecretAndUser.js:12:18)
2025-08-20T07:23:31.104Z     at async SessionManager.loginAsync (/data/data/com.termux/files/usr/lib/node_modules/eas-cli/build/user/SessionManager.js:154:49)
2025-08-20T07:23:31.104Z     at async SessionManager.showLoginPromptAsync (/data/data/com.termux/files/usr/lib/node_modules/eas-cli/build/user/SessionManager.js:130:13)
2025-08-20T07:23:31.104Z     at async SessionManager.ensureLoggedInAsync (/data/data/com.termux/files/usr/lib/node_modules/eas-cli/build/user/SessionManager.js:85:13)
2025-08-20T07:23:31.104Z     at async LoggedInContextField.getValueAsync (/data/data/com.termux/files/usr/lib/node_modules/eas-cli/build/commandUtils/context/LoggedInContextField.js:10:47)
2025-08-20T07:23:31.104Z     at async BuildConfigure.getContextAsync (/data/data/com.termux/files/usr/lib/node_modules/eas-cli/build/commandUtils/EasCommand.js:139:17)
2025-08-20T07:34:06.080Z Error: EAS project ID configuration canceled for @tibeta/my-app. Run 'eas init' to configure.
2025-08-20T07:34:06.080Z     at fetchOrCreateProjectIDForWriteToConfigWithConfirmationAsync (/data/data/com.termux/files/usr/lib/node_modules/eas-cli/build/project/fetchOrCreateProjectIDForWriteToConfigWithConfirmationAsync.js:50:15)
2025-08-20T07:34:06.080Z     at async validateOrSetProjectIdAsync (/data/data/com.termux/files/usr/lib/node_modules/eas-cli/build/commandUtils/context/contextUtils/getProjectIdAsync.js:121:23)
2025-08-20T07:34:06.080Z     at async getProjectIdAsync (/data/data/com.termux/files/usr/lib/node_modules/eas-cli/build/commandUtils/context/contextUtils/getProjectIdAsync.js:67:23)
2025-08-20T07:34:06.080Z     at async PrivateProjectConfigContextField.getValueAsync (/data/data/com.termux/files/usr/lib/node_modules/eas-cli/build/commandUtils/context/PrivateProjectConfigContextField.js:15:27)
2025-08-20T07:34:06.080Z     at async BuildConfigure.getContextAsync (/data/data/com.termux/files/usr/lib/node_modules/eas-cli/build/commandUtils/EasCommand.js:139:17)
2025-08-20T07:34:06.080Z     at async BuildConfigure.runAsync (/data/data/com.termux/files/usr/lib/node_modules/eas-cli/build/commands/build/configure.js:35:86)
2025-08-20T07:34:06.080Z     at async BuildConfigure.run (/data/data/com.termux/files/usr/lib/node_modules/eas-cli/build/commandUtils/EasCommand.js:168:16)
2025-08-20T07:34:06.080Z     at async BuildConfigure._run (/data/data/com.termux/files/usr/lib/node_modules/eas-cli/node_modules/@oclif/core/lib/command.js:80:22)
2025-08-20T07:34:06.080Z     at async Config.runCommand (/data/data/com.termux/files/usr/lib/node_modules/eas-cli/node_modules/@oclif/core/lib/config/config.js:301:25)
2025-08-20T07:36:31.453Z Error: EEXIT: 1
2025-08-20T07:36:31.453Z     at Object.exit (/data/data/com.termux/files/usr/lib/node_modules/eas-cli/node_modules/@oclif/core/lib/errors/index.js:22:11)
2025-08-20T07:36:31.453Z     at GitClient.ensureRepoExistsAsync (/data/data/com.termux/files/usr/lib/node_modules/eas-cli/build/vcs/clients/git.js:42:27)
2025-08-20T07:36:31.453Z     at async runBuildAndSubmitAsync (/data/data/com.termux/files/usr/lib/node_modules/eas-cli/build/build/runBuildAndSubmit.js:47:5)
2025-08-20T07:36:31.453Z     at async Build.runAsync (/data/data/com.termux/files/usr/lib/node_modules/eas-cli/build/commands/build/index.js:125:35)
2025-08-20T07:36:31.453Z     at async Build.run (/data/data/com.termux/files/usr/lib/node_modules/eas-cli/build/commandUtils/EasCommand.js:168:16)
2025-08-20T07:36:31.453Z     at async Build._run (/data/data/com.termux/files/usr/lib/node_modules/eas-cli/node_modules/@oclif/core/lib/command.js:80:22)
2025-08-20T07:36:31.453Z     at async Config.runCommand (/data/data/com.termux/files/usr/lib/node_modules/eas-cli/node_modules/@oclif/core/lib/config/config.js:301:25)
2025-08-20T07:48:34.568Z TypeError: Expected `concurrency` to be a number from 1 and up
2025-08-20T07:48:34.568Z     at pLimit (~/my-app/node_modules/p-limit/index.js:6:9)
2025-08-20T07:48:34.568Z     at createFingerprintFromSourcesAsync (~/my-app/node_modules/@expo/fingerprint/build/hash/Hash.js:27:43)
2025-08-20T07:48:34.568Z     at Object.createFingerprintAsync (~/my-app/node_modules/@expo/fingerprint/build/Fingerprint.js:24:76)
2025-08-20T07:48:34.568Z     at async withTemporaryEnvAsync (/data/data/com.termux/files/usr/lib/node_modules/eas-cli/build/fingerprint/cli.js:78:16)
2025-08-20T07:48:34.568Z     at async createFingerprintWithoutLoggingAsync (/data/data/com.termux/files/usr/lib/node_modules/eas-cli/build/fingerprint/cli.js:72:12)
2025-08-20T07:48:34.568Z     at async createFingerprintAsync (/data/data/com.termux/files/usr/lib/node_modules/eas-cli/build/fingerprint/cli.js:36:29)
2025-08-20T07:48:34.568Z     at async computeAndMaybeUploadFingerprintWithoutExpoUpdatesAsync (/data/data/com.termux/files/usr/lib/node_modules/eas-cli/build/build/build.js:482:25)
2025-08-20T07:48:34.568Z     at async computeAndMaybeUploadRuntimeAndFingerprintMetadataAsync (/data/data/com.termux/files/usr/lib/node_modules/eas-cli/build/build/build.js:434:29)
2025-08-20T07:48:34.568Z     at async prepareBuildRequestForPlatformAsync (/data/data/com.termux/files/usr/lib/node_modules/eas-cli/build/build/build.js:86:43)
2025-08-20T08:05:15.721Z Error: EEXIT: 1
2025-08-20T08:05:15.721Z     at Object.exit (/data/data/com.termux/files/usr/lib/node_modules/eas-cli/node_modules/@oclif/core/lib/errors/index.js:22:11)
2025-08-20T08:05:15.721Z     at GitClient.ensureRepoExistsAsync (/data/data/com.termux/files/usr/lib/node_modules/eas-cli/build/vcs/clients/git.js:42:27)
2025-08-20T08:05:15.721Z     at async runBuildAndSubmitAsync (/data/data/com.termux/files/usr/lib/node_modules/eas-cli/build/build/runBuildAndSubmit.js:47:5)
2025-08-20T08:05:15.721Z     at async Build.runAsync (/data/data/com.termux/files/usr/lib/node_modules/eas-cli/build/commands/build/index.js:125:35)
2025-08-20T08:05:15.721Z     at async Build.run (/data/data/com.termux/files/usr/lib/node_modules/eas-cli/build/commandUtils/EasCommand.js:168:16)
2025-08-20T08:05:15.721Z     at async Build._run (/data/data/com.termux/files/usr/lib/node_modules/eas-cli/node_modules/@oclif/core/lib/command.js:80:22)
2025-08-20T08:05:15.721Z     at async Config.runCommand (/data/data/com.termux/files/usr/lib/node_modules/eas-cli/node_modules/@oclif/core/lib/config/config.js:301:25)
2025-08-20T08:22:06.634Z Error: EEXIT: 1
2025-08-20T08:22:06.634Z     at Object.exit (/data/data/com.termux/files/usr/lib/node_modules/eas-cli/node_modules/@oclif/core/lib/errors/index.js:22:11)
2025-08-20T08:22:06.634Z     at GitClient.ensureRepoExistsAsync (/data/data/com.termux/files/usr/lib/node_modules/eas-cli/build/vcs/clients/git.js:42:27)
2025-08-20T08:22:06.634Z     at async runBuildAndSubmitAsync (/data/data/com.termux/files/usr/lib/node_modules/eas-cli/build/build/runBuildAndSubmit.js:47:5)
2025-08-20T08:22:06.634Z     at async Build.runAsync (/data/data/com.termux/files/usr/lib/node_modules/eas-cli/build/commands/build/index.js:125:35)
2025-08-20T08:22:06.634Z     at async Build.run (/data/data/com.termux/files/usr/lib/node_modules/eas-cli/build/commandUtils/EasCommand.js:168:16)
2025-08-20T08:22:06.634Z     at async Build._run (/data/data/com.termux/files/usr/lib/node_modules/eas-cli/node_modules/@oclif/core/lib/command.js:80:22)
2025-08-20T08:22:06.634Z     at async Config.runCommand (/data/data/com.termux/files/usr/lib/node_modules/eas-cli/node_modules/@oclif/core/lib/config/config.js:301:25)
2025-08-20T11:44:56.766Z Error: EEXIT: 1
2025-08-20T11:44:56.766Z     at Object.exit (/data/data/com.termux/files/usr/lib/node_modules/eas-cli/node_modules/@oclif/core/lib/errors/index.js:22:11)
2025-08-20T11:44:56.766Z     at GitClient.ensureRepoExistsAsync (/data/data/com.termux/files/usr/lib/node_modules/eas-cli/build/vcs/clients/git.js:42:27)
2025-08-20T11:44:56.766Z     at async runBuildAndSubmitAsync (/data/data/com.termux/files/usr/lib/node_modules/eas-cli/build/build/runBuildAndSubmit.js:47:5)
2025-08-20T11:44:56.766Z     at async Build.runAsync (/data/data/com.termux/files/usr/lib/node_modules/eas-cli/build/commands/build/index.js:125:35)
2025-08-20T11:44:56.766Z     at async Build.run (/data/data/com.termux/files/usr/lib/node_modules/eas-cli/build/commandUtils/EasCommand.js:168:16)
2025-08-20T11:44:56.766Z     at async Build._run (/data/data/com.termux/files/usr/lib/node_modules/eas-cli/node_modules/@oclif/core/lib/command.js:80:22)
2025-08-20T11:44:56.766Z     at async Config.runCommand (/data/data/com.termux/files/usr/lib/node_modules/eas-cli/node_modules/@oclif/core/lib/config/config.js:301:25)
2025-08-20T11:49:12.340Z TypeError: Expected `concurrency` to be a number from 1 and up
2025-08-20T11:49:12.340Z     at pLimit (~/my-app/node_modules/p-limit/index.js:6:9)
2025-08-20T11:49:12.340Z     at createFingerprintFromSourcesAsync (~/my-app/node_modules/@expo/fingerprint/build/hash/Hash.js:27:43)
2025-08-20T11:49:12.340Z     at Object.createFingerprintAsync (~/my-app/node_modules/@expo/fingerprint/build/Fingerprint.js:24:76)
2025-08-20T11:49:12.340Z     at async withTemporaryEnvAsync (/data/data/com.termux/files/usr/lib/node_modules/eas-cli/build/fingerprint/cli.js:78:16)
2025-08-20T11:49:12.340Z     at async createFingerprintWithoutLoggingAsync (/data/data/com.termux/files/usr/lib/node_modules/eas-cli/build/fingerprint/cli.js:72:12)
2025-08-20T11:49:12.340Z     at async createFingerprintAsync (/data/data/com.termux/files/usr/lib/node_modules/eas-cli/build/fingerprint/cli.js:36:29)
2025-08-20T11:49:12.340Z     at async computeAndMaybeUploadFingerprintWithoutExpoUpdatesAsync (/data/data/com.termux/files/usr/lib/node_modules/eas-cli/build/build/build.js:482:25)
2025-08-20T11:49:12.340Z     at async computeAndMaybeUploadRuntimeAndFingerprintMetadataAsync (/data/data/com.termux/files/usr/lib/node_modules/eas-cli/build/build/build.js:434:29)
2025-08-20T11:49:12.340Z     at async prepareBuildRequestForPlatformAsync (/data/data/com.termux/files/usr/lib/node_modules/eas-cli/build/build/build.js:86:43)
